[INFO ] 27-06-2025 16:23:21 [main] LogUtils - ===== SUITE STARTED: ParallelTest =====
[INFO ] 27-06-2025 16:23:30 [TestNG-test-ParallelTest-1] LogUtils - START TEST: testLogin
[INFO ] 27-06-2025 16:23:30 [TestNG-test-ParallelTest-1] LogUtils - Step 1: Go to login page
[INFO ] 27-06-2025 16:23:30 [TestNG-test-ParallelTest-1] LogUtils - Step 2: Login with valid account
[INFO ] 27-06-2025 16:23:30 [TestNG-test-ParallelTest-3] LogUtils - START TEST: loginFailWithInvalidPassword
[INFO ] 27-06-2025 16:23:30 [TestNG-test-ParallelTest-3] LogUtils - Step 1: Go to login page
[INFO ] 27-06-2025 16:23:30 [TestNG-test-ParallelTest-3] LogUtils - Step 2: Login with invalid account
[INFO ] 27-06-2025 16:23:30 [TestNG-test-ParallelTest-2] LogUtils - START TEST: testLoginFail
[INFO ] 27-06-2025 16:23:30 [TestNG-test-ParallelTest-2] LogUtils - Step 1: Go to login page
[INFO ] 27-06-2025 16:23:30 [TestNG-test-ParallelTest-2] LogUtils - Step 2: Login with invalid account
[ERROR] 27-06-2025 16:23:30 [TestNG-test-ParallelTest-1] LogUtils - FAILED: testLoginorg.openqa.selenium.NoSuchElementException: no such element: Unable to locate element: {"method":"css selector","selector":"#username"}
  (Session info: chrome=137.0.7151.120)
For documentation on this error, please visit: https://www.selenium.dev/documentation/webdriver/troubleshooting/errors#no-such-element-exception
Build info: version: '4.27.0', revision: 'd6e718d134'
System info: os.name: 'Windows 11', os.arch: 'amd64', os.version: '10.0', java.version: '22.0.2'
Driver info: org.openqa.selenium.chrome.ChromeDriver
Command: [068e7750d2446100fa3721d5fa2322f0, findElement {value=username, using=id}]
Capabilities {acceptInsecureCerts: false, browserName: chrome, browserVersion: 137.0.7151.120, chrome: {chromedriverVersion: 137.0.7151.119 (e0ac9d12dff..., userDataDir: C:\Users\nhata\AppData\Loca...}, fedcm:accounts: true, goog:chromeOptions: {debuggerAddress: localhost:64257}, networkConnectionEnabled: false, pageLoadStrategy: normal, platformName: windows, proxy: Proxy(), se:cdp: ws://localhost:64257/devtoo..., se:cdpVersion: 137.0.7151.120, setWindowRect: true, strictFileInteractability: false, timeouts: {implicit: 0, pageLoad: 300000, script: 30000}, unhandledPromptBehavior: dismiss and notify, webauthn:extension:credBlob: true, webauthn:extension:largeBlob: true, webauthn:extension:minPinLength: true, webauthn:extension:prf: true, webauthn:virtualAuthenticators: true}
Session ID: 068e7750d2446100fa3721d5fa2322f0
[INFO ] 27-06-2025 16:23:31 [TestNG-test-ParallelTest-2] LogUtils - Input username
[INFO ] 27-06-2025 16:23:32 [TestNG-test-ParallelTest-3] LogUtils - Input username
[INFO ] 27-06-2025 16:23:32 [TestNG-test-ParallelTest-2] LogUtils - Input password
[INFO ] 27-06-2025 16:23:32 [TestNG-test-ParallelTest-3] LogUtils - Input password
[INFO ] 27-06-2025 16:23:32 [TestNG-test-ParallelTest-3] LogUtils - Click login Button
[INFO ] 27-06-2025 16:23:32 [TestNG-test-ParallelTest-2] LogUtils - Click login Button
[INFO ] 27-06-2025 16:23:32 [TestNG-test-ParallelTest-3] LogUtils - Step 3: Check error message
[ERROR] 27-06-2025 16:23:32 [TestNG-test-ParallelTest-3] LogUtils - FAILED: loginFailWithInvalidPasswordjava.lang.AssertionError: expected [There was a problem with your login and/or errors exist in your form.] but found [Invalid username or password. Please try again.]
[INFO ] 27-06-2025 16:23:32 [TestNG-test-ParallelTest-2] LogUtils - Step 3: Check error message
[ERROR] 27-06-2025 16:23:33 [TestNG-test-ParallelTest-2] LogUtils - FAILED: testLoginFailjava.lang.AssertionError: expected [There was a problem with your login and/or errors exist in your form.] but found [Invalid username or password. Please try again.]
[INFO ] 27-06-2025 16:23:33 [main] LogUtils - ===== SUITE FINISHED: ParallelTest =====
[INFO ] 27-06-2025 16:54:48 [main] LogUtils - ===== SUITE STARTED: ParallelTest =====
[INFO ] 27-06-2025 16:54:56 [TestNG-test-ParallelTest-1] LogUtils - START TEST: testLogin
[INFO ] 27-06-2025 16:54:56 [TestNG-test-ParallelTest-1] LogUtils - Step 1: Go to login page
[INFO ] 27-06-2025 16:54:56 [TestNG-test-ParallelTest-1] LogUtils - Step 2: Login with valid account
[INFO ] 27-06-2025 16:54:56 [TestNG-test-ParallelTest-2] LogUtils - START TEST: testLoginFail
[INFO ] 27-06-2025 16:54:56 [TestNG-test-ParallelTest-2] LogUtils - Step 1: Go to login page
[INFO ] 27-06-2025 16:54:56 [TestNG-test-ParallelTest-2] LogUtils - Step 2: Login with invalid account
[INFO ] 27-06-2025 16:54:58 [TestNG-test-ParallelTest-3] LogUtils - START TEST: loginFailWithInvalidPassword
[INFO ] 27-06-2025 16:54:58 [TestNG-test-ParallelTest-3] LogUtils - Step 1: Go to login page
[INFO ] 27-06-2025 16:54:58 [TestNG-test-ParallelTest-3] LogUtils - Step 2: Login with invalid account
[ERROR] 27-06-2025 16:54:58 [TestNG-test-ParallelTest-1] LogUtils - FAILED: testLoginorg.openqa.selenium.NoSuchElementException: no such element: Unable to locate element: {"method":"css selector","selector":"#username"}
  (Session info: chrome=137.0.7151.120)
For documentation on this error, please visit: https://www.selenium.dev/documentation/webdriver/troubleshooting/errors#no-such-element-exception
Build info: version: '4.27.0', revision: 'd6e718d134'
System info: os.name: 'Windows 11', os.arch: 'amd64', os.version: '10.0', java.version: '22.0.2'
Driver info: org.openqa.selenium.chrome.ChromeDriver
Command: [34f344c0a19bc28a6a807edeeea5f640, findElement {value=username, using=id}]
Capabilities {acceptInsecureCerts: false, browserName: chrome, browserVersion: 137.0.7151.120, chrome: {chromedriverVersion: 137.0.7151.119 (e0ac9d12dff..., userDataDir: C:\Users\nhata\AppData\Loca...}, fedcm:accounts: true, goog:chromeOptions: {debuggerAddress: localhost:64873}, networkConnectionEnabled: false, pageLoadStrategy: normal, platformName: windows, proxy: Proxy(), se:cdp: ws://localhost:64873/devtoo..., se:cdpVersion: 137.0.7151.120, setWindowRect: true, strictFileInteractability: false, timeouts: {implicit: 0, pageLoad: 300000, script: 30000}, unhandledPromptBehavior: dismiss and notify, webauthn:extension:credBlob: true, webauthn:extension:largeBlob: true, webauthn:extension:minPinLength: true, webauthn:extension:prf: true, webauthn:virtualAuthenticators: true}
Session ID: 34f344c0a19bc28a6a807edeeea5f640
[INFO ] 27-06-2025 16:54:59 [TestNG-test-ParallelTest-3] LogUtils - Input username
[INFO ] 27-06-2025 16:54:59 [TestNG-test-ParallelTest-2] LogUtils - Input username
[INFO ] 27-06-2025 16:55:00 [TestNG-test-ParallelTest-3] LogUtils - Input password
[INFO ] 27-06-2025 16:55:00 [TestNG-test-ParallelTest-2] LogUtils - Input password
[INFO ] 27-06-2025 16:55:00 [TestNG-test-ParallelTest-3] LogUtils - Click login Button
[INFO ] 27-06-2025 16:55:00 [TestNG-test-ParallelTest-2] LogUtils - Click login Button
[INFO ] 27-06-2025 16:55:00 [TestNG-test-ParallelTest-2] LogUtils - Step 3: Check error message
[INFO ] 27-06-2025 16:55:01 [TestNG-test-ParallelTest-3] LogUtils - Step 3: Check error message
[ERROR] 27-06-2025 16:55:01 [TestNG-test-ParallelTest-3] LogUtils - FAILED: loginFailWithInvalidPasswordjava.lang.AssertionError: expected [There was a problem with your login and/or errors exist in your form.] but found [Invalid username or password. Please try again.]
[ERROR] 27-06-2025 16:55:01 [TestNG-test-ParallelTest-2] LogUtils - FAILED: testLoginFailjava.lang.AssertionError: expected [There was a problem with your login and/or errors exist in your form.] but found [Invalid username or password. Please try again.]
[INFO ] 27-06-2025 16:55:12 [main] LogUtils - ===== SUITE FINISHED: ParallelTest =====
[INFO ] 27-06-2025 17:05:10 [main] LogUtils - Step 1: Go to login page
[INFO ] 27-06-2025 17:05:10 [main] LogUtils - Step 2: Login with invalid account
[INFO ] 27-06-2025 17:05:11 [main] LogUtils - Input username
[INFO ] 27-06-2025 17:05:11 [main] LogUtils - Input password
[INFO ] 27-06-2025 17:05:11 [main] LogUtils - Click login Button
[INFO ] 27-06-2025 17:05:11 [main] LogUtils - Step 3: Check error message
